2025-02-01 11:34:19 - cyber_toolkit - INFO - Starting execution of 2 tools against https://companyhub.com
2025-02-01 11:34:19 - cyber_toolkit - INFO - Starting OneForAll execution against https://companyhub.com
Command: python oneforall.py --target https://companyhub.com run
2025-02-01 11:34:19 - cyber_toolkit - INFO - Starting robofinder execution against https://companyhub.com
Command: python robofinder/robofinder.py -u https://companyhub.com -s
2025-02-01 11:34:20 - cyber_toolkit - ERROR - Error in OneForAll: Traceback (most recent call last):
  File "D:\My Project\Automate-Web-Penetration-Testing\tools_installations\OneForAll\oneforall.py", line 16, in <module>
    from brute import Brute
  File "D:\My Project\Automate-Web-Penetration-Testing\tools_installations\OneForAll\brute.py", line 14, in <module>
    import exrex
  File "C:\Users\yhysy\AppData\Local\Programs\Python\Python312\Lib\site-packages\exrex.py", line 25, in <module>
    from re import sre_parse, U
ImportError: cannot import name 'sre_parse' from 're' (C:\Users\yhysy\AppData\Local\Programs\Python\Python312\Lib\re\__init__.py)

2025-02-01 11:34:46 - cyber_toolkit.robofinder - INFO - 
2025-02-01 11:34:46 - cyber_toolkit.robofinder - INFO - /secondary_feed/
2025-02-01 11:34:46 - cyber_toolkit.robofinder - INFO - /wp-admin/admin-ajax.php
2025-02-01 11:34:46 - cyber_toolkit.robofinder - INFO - https://companyhub.com/sitemap_index.xml
2025-02-01 11:34:46 - cyber_toolkit.robofinder - INFO - /t.php
2025-02-01 11:34:46 - cyber_toolkit.robofinder - INFO - /logs
2025-02-01 11:34:46 - cyber_toolkit.robofinder - INFO - /click
2025-02-01 11:34:46 - cyber_toolkit.robofinder - INFO - /note/
2025-02-01 11:34:46 - cyber_toolkit.robofinder - INFO - /click.php
2025-02-01 11:34:46 - cyber_toolkit.robofinder - INFO - /search.php
2025-02-01 11:34:46 - cyber_toolkit.robofinder - INFO - /exitpage/
2025-02-01 11:34:46 - cyber_toolkit.robofinder - INFO - /popup/
2025-02-01 11:34:46 - cyber_toolkit.robofinder - INFO - /wp-admin/
2025-02-01 11:34:46 - cyber_toolkit.robofinder - INFO - /search_caf.php
2025-02-01 11:34:46 - cyber_toolkit.robofinder - INFO - /ud.php
2025-02-01 11:34:46 - cyber_toolkit.robofinder - INFO - /r.php
2025-02-01 11:34:46 - cyber_toolkit - INFO - Tool robofinder completed successfully (duration: 27.57s)
2025-02-01 11:34:46 - cyber_toolkit - INFO - Completed execution of all tools against https://companyhub.com
